[2019-10-28 19:00:58] START
[2019-10-28 19:01:16] CREATE tables.py: 0
[2019-10-28 19:04:29] EDIT sales_credit/models/tables.py: 109
[2019-10-28 19:05:41] EDIT sales_credit/models/menu.py: -94
[2019-10-28 19:34:48] CREATE equipe.py: 0
[2019-10-28 19:35:14] CREATE _mercadoria.py: 0
[2019-10-28 19:35:33] CREATE projeto.py: 0
[2019-10-28 19:35:54] EDIT sales_credit/controllers/default.py: 41
[2019-10-28 19:36:11] CREATE mercadoria.py: 0
[2019-10-28 19:36:39] EDIT sales_credit/controllers/equipe.py: 143
[2019-10-28 19:36:54] EDIT sales_credit/controllers/mercadoria.py: 110
[2019-10-28 19:37:07] EDIT sales_credit/controllers/projeto.py: 87
[2019-10-28 19:37:28] EDIT sales_credit/views/default/index.html: 81
[2019-10-28 19:38:08] EDIT sales_credit/views/default/index.html: -8
[2019-10-28 19:39:11] EDIT sales_credit/views/default/index.html: -1
[2019-10-28 19:39:54] CREATE projeto/listar_projetos.html: 0
[2019-10-28 19:40:13] EDIT sales_credit/views/projeto/listar_projetos.html: 33
[2019-10-28 19:40:33] CREATE projeto/criar_projeto.html: 0
[2019-10-28 19:40:54] EDIT sales_credit/views/projeto/criar_projeto.html: 10
[2019-10-28 19:41:42] CREATE projeto/alterar_projeto.html: 0
[2019-10-28 19:41:58] EDIT sales_credit/views/projeto/alterar_projeto.html: 10
[2019-10-28 19:42:29] CREATE projeto/acesso_geral_projeto.html: 0
[2019-10-28 19:42:43] EDIT sales_credit/views/projeto/acesso_geral_projeto.html: 67
[2019-10-28 19:43:45] EDIT sales_credit/views/projeto/acesso_geral_projeto.html: -8
[2019-10-28 19:44:10] EDIT sales_credit/views/projeto/acesso_geral_projeto.html: -4
[2019-10-28 19:44:16] EDIT sales_credit/views/projeto/acesso_geral_projeto.html: -4
[2019-10-28 19:44:28] EDIT sales_credit/views/projeto/acesso_geral_projeto.html: -1
[2019-10-28 19:45:03] CREATE mercadoria/listar_merc_envio.html: 0
[2019-10-28 19:45:30] EDIT sales_credit/views/mercadoria/listar_merc_envio.html: 62
[2019-10-28 19:46:12] EDIT sales_credit/views/mercadoria/listar_merc_envio.html: -1
[2019-10-28 19:47:34] CREATE mercadoria/inserir_merc_envio.html: 0
[2019-10-28 19:47:53] EDIT sales_credit/views/mercadoria/inserir_merc_envio.html: 0
[2019-10-28 19:48:30] CREATE mercadoria/alterar_merc_enviada.html: 0
[2019-10-28 19:48:50] EDIT sales_credit/views/mercadoria/alterar_merc_enviada.html: 0
[2019-10-28 19:49:25] CREATE mercadoria/listar_merc_retorno.html: 0
[2019-10-28 19:49:39] EDIT sales_credit/views/mercadoria/listar_merc_retorno.html: 65
[2019-10-28 19:49:59] CREATE mercadoria/alterar_merc_retorno.html: 0
[2019-10-28 19:50:15] EDIT sales_credit/views/mercadoria/alterar_merc_retorno.html: 0
[2019-10-28 19:51:04] EDIT sales_credit/views/mercadoria/listar_merc_retorno.html: 0
[2019-10-28 19:51:38] CREATE mercadoria/listar_merc_devolucao.html: 0
[2019-10-28 19:51:52] EDIT sales_credit/views/mercadoria/listar_merc_devolucao.html: 57
[2019-10-28 19:52:07] EDIT sales_credit/views/mercadoria/listar_merc_devolucao.html: 0
[2019-10-28 19:52:48] EDIT sales_credit/views/mercadoria/listar_merc_devolucao.html: -1
[2019-10-28 19:54:00] CREATE mercadoria/alterar_merc_devolucao.html: 0
[2019-10-28 19:54:14] EDIT sales_credit/views/mercadoria/alterar_merc_devolucao.html: 0
[2019-10-28 19:55:13] CREATE equipe/listar_func_venda.html: 0
[2019-10-28 19:55:41] EDIT sales_credit/views/equipe/listar_func_venda.html: 49
[2019-10-28 19:56:25] EDIT sales_credit/views/equipe/listar_func_venda.html: -1
[2019-10-28 19:56:42] EDIT sales_credit/views/equipe/listar_func_venda.html: 0
[2019-10-28 19:57:04] EDIT sales_credit/controllers/equipe.py: 0
[2019-10-28 19:57:26] EDIT sales_credit/views/equipe/listar_func_venda.html: 0
[2019-10-28 19:57:44] CREATE equipe/inserir_funcionario.html: 0
[2019-10-28 19:57:58] EDIT sales_credit/views/equipe/inserir_funcionario.html: 0
[2019-10-28 19:59:20] EDIT sales_credit/views/equipe/listar_func_venda.html: 15
[2019-10-28 19:59:46] CREATE equipe/alterar_funcionaro.html: 0
[2019-10-28 20:00:01] EDIT sales_credit/views/equipe/alterar_funcionaro.html: 0
[2019-10-28 20:00:47] EDIT sales_credit/views/equipe/alterar_funcionaro.html: 0
[2019-10-28 20:02:51] CREATE equipe/listar_vendedor.html: 0
[2019-10-28 20:03:12] EDIT sales_credit/views/equipe/listar_vendedor.html: 40
[2019-10-28 20:03:50] EDIT sales_credit/views/equipe/listar_vendedor.html: -1
[2019-10-28 20:03:59] EDIT sales_credit/controllers/equipe.py: 0
[2019-10-28 20:04:04] EDIT sales_credit/views/equipe/listar_vendedor.html: 0
[2019-10-28 20:04:39] EDIT sales_credit/views/equipe/listar_vendedor.html: 0
[2019-10-28 20:06:26] EDIT sales_credit/views/equipe/listar_vendedor.html: 0
[2019-10-28 20:06:45] CREATE equipe/inserir_vendedor.html: 0
[2019-10-28 20:08:24] EDIT sales_credit/views/equipe/inserir_vendedor.html: 0
[2019-10-28 20:09:12] CREATE equipe/alterar_vendedor.html: 0
[2019-10-28 20:09:55] EDIT sales_credit/views/equipe/alterar_vendedor.html: 0
[2019-10-28 20:10:02] EDIT sales_credit/views/equipe/alterar_vendedor.html: 0
[2019-10-28 20:10:35] CREATE equipe/listar_venda.html: 0
[2019-10-28 20:11:35] EDIT sales_credit/views/equipe/listar_venda.html: 77
[2019-10-28 20:11:49] EDIT sales_credit/controllers/equipe.py: 0
[2019-10-28 20:12:16] EDIT sales_credit/views/equipe/listar_venda.html: -1
[2019-10-28 20:13:20] CREATE equipe/alterar_vendedor_venda.html: 0
[2019-10-28 20:13:46] EDIT sales_credit/views/equipe/alterar_vendedor_venda.html: 0
[2019-10-28 20:14:51] CREATE equipe/listar_cobranca.html: 0
[2019-10-28 20:15:27] EDIT sales_credit/views/equipe/listar_cobranca.html: 50
[2019-10-28 20:15:49] CREATE equipe/alterar_vendedor_cobranca.html: 0
[2019-10-28 20:16:09] EDIT sales_credit/views/equipe/alterar_vendedor_cobranca.html: 35
[2019-10-28 20:16:40] EDIT sales_credit/views/equipe/alterar_vendedor_cobranca.html: -35
[2019-10-28 20:17:39] EDIT sales_credit/controllers/equipe.py: 0
[2019-10-28 20:18:54] EDIT sales_credit/views/equipe/listar_cobranca.html: 2
[2019-10-28 20:19:34] EDIT sales_credit/views/equipe/listar_cobranca.html: 0
[2019-10-28 20:19:57] EDIT sales_credit/views/equipe/listar_cobranca.html: 0
[2019-10-28 20:20:25] CREATE despesa/listar_desp_local.html: 0
[2019-10-28 20:20:48] EDIT sales_credit/views/despesa/listar_desp_local.html: 38
[2019-10-28 20:21:50] CREATE despesa.py: 0
[2019-10-28 20:22:04] EDIT sales_credit/controllers/despesa.py: 110
[2019-10-28 20:24:20] EDIT sales_credit/views/despesa/listar_desp_local.html: -1
[2019-10-28 20:25:15] CREATE despesa/inserir_desp_local.html: 0
[2019-10-28 20:26:14] EDIT sales_credit/views/despesa/inserir_desp_local.html: 0
[2019-10-28 20:26:48] CREATE despesa/listar_desp_venda.html: 0
[2019-10-28 20:27:11] EDIT sales_credit/views/despesa/listar_desp_venda.html: 0
[2019-10-28 20:27:58] EDIT sales_credit/views/despesa/listar_desp_venda.html: 40
[2019-10-28 20:28:15] CREATE despesa/inserir_desp_venda.html: 0
[2019-10-28 20:28:31] EDIT sales_credit/views/despesa/inserir_desp_venda.html: 0
[2019-10-28 20:28:59] CREATE despesa/alterar_desp_venda.html: 0
[2019-10-28 20:29:25] EDIT sales_credit/views/despesa/alterar_desp_venda.html: 0
[2019-10-28 20:29:57] CREATE despesa/alterar_desp_local.html: 0
[2019-10-28 20:30:08] EDIT sales_credit/views/despesa/alterar_desp_local.html: 0
[2019-10-28 20:30:34] CREATE despesa/listar_desp_cobranca.html: 0
[2019-10-28 20:31:09] EDIT sales_credit/views/despesa/listar_desp_cobranca.html: 38
[2019-10-28 20:31:29] EDIT sales_credit/views/despesa/listar_desp_cobranca.html: -1
[2019-10-28 20:31:48] CREATE despesa/inserir_desp_cobranca.html: 0
[2019-10-28 20:32:09] EDIT sales_credit/views/despesa/inserir_desp_cobranca.html: 0
[2019-10-28 20:32:37] CREATE despesa/alterar_desp_cobranca.html.py: 0
[2019-10-28 20:32:55] CREATE despesa/alterar_desp_cobranca.html: 0
[2019-10-28 20:33:02] EDIT sales_credit/views/despesa/alterar_desp_cobranca.html: 0
[2019-10-28 20:33:43] DELETE sales_credit/controllers/_mercadoria.py: -1
[2019-10-28 20:33:52] DELETE sales_credit/models/despesa/alterar_desp_cobranca.html.py: 0
[2019-10-28 20:34:38] CREATE deposito.py: 0
[2019-10-28 20:34:48] EDIT sales_credit/controllers/deposito.py: 33
[2019-10-28 20:35:04] CREATE deposito/listar_depositos.html: 0
[2019-10-28 20:35:30] EDIT sales_credit/views/deposito/listar_depositos.html: 38
[2019-10-28 20:35:46] EDIT sales_credit/views/deposito/listar_depositos.html: -1
[2019-10-28 20:36:13] CREATE deposito/inserir_deposito.html: 0
[2019-10-28 20:36:36] EDIT sales_credit/views/deposito/inserir_deposito.html: 0
[2019-10-28 20:37:17] CREATE deposito/alterar_deposito.html: 0
[2019-10-28 20:37:32] EDIT sales_credit/views/deposito/alterar_deposito.html: 0
[2019-10-28 20:37:59] CREATE projeto/prestacao_venda.html: 0
[2019-10-28 20:38:35] EDIT sales_credit/views/projeto/prestacao_venda.html: 50
[2019-10-28 20:39:08] EDIT sales_credit/views/projeto/prestacao_venda.html: 88
[2019-10-28 20:40:03] CREATE projeto/investimento.html: 0
[2019-10-28 20:40:36] EDIT sales_credit/views/projeto/investimento.html: 76
[2019-10-28 20:43:45] EDIT sales_credit/views/deposito/listar_depositos.html: 5
[2019-10-28 20:45:03] EDIT sales_credit/views/despesa/listar_desp_venda.html: 5
[2019-10-28 20:45:33] EDIT sales_credit/views/despesa/listar_desp_local.html: 5
[2019-10-28 20:46:07] EDIT sales_credit/views/despesa/listar_desp_cobranca.html: 5
[2019-10-28 20:47:05] EDIT sales_credit/views/equipe/listar_func_venda.html: 4
[2019-10-28 20:47:09] EDIT sales_credit/views/equipe/listar_cobranca.html: 4
[2019-10-28 20:47:14] EDIT sales_credit/views/equipe/listar_venda.html: 4
[2019-10-28 20:47:20] EDIT sales_credit/views/equipe/listar_vendedor.html: 4
[2019-10-28 20:47:31] EDIT sales_credit/views/equipe/listar_vendedor.html: 0
[2019-10-28 20:47:37] EDIT sales_credit/views/equipe/listar_venda.html: 1
[2019-10-28 20:47:42] EDIT sales_credit/views/equipe/listar_func_venda.html: 1
[2019-10-28 20:47:47] EDIT sales_credit/views/equipe/listar_cobranca.html: 0
[2019-10-28 20:48:26] EDIT sales_credit/views/mercadoria/listar_merc_devolucao.html: 1
[2019-10-28 20:48:33] EDIT sales_credit/views/mercadoria/listar_merc_devolucao.html: 0
[2019-10-28 20:48:45] EDIT sales_credit/views/mercadoria/listar_merc_envio.html: 0
[2019-10-28 20:48:50] EDIT sales_credit/views/mercadoria/listar_merc_retorno.html: 1
[2019-10-28 20:49:08] EDIT sales_credit/views/mercadoria/listar_merc_devolucao.html: 4
[2019-10-28 20:49:12] EDIT sales_credit/views/mercadoria/listar_merc_envio.html: 3
[2019-10-28 20:49:16] EDIT sales_credit/views/mercadoria/listar_merc_retorno.html: 3
[2019-10-28 20:51:15] EDIT sales_credit/views/mercadoria/listar_merc_envio.html: 0
[2019-10-28 20:51:22] EDIT sales_credit/views/mercadoria/listar_merc_retorno.html: 0
[2019-10-28 20:51:28] EDIT sales_credit/views/mercadoria/listar_merc_devolucao.html: 0
